[21:52:57] [Server thread/INFO]: Starting minecraft server version 1.7.10
[21:53:41] [Server thread/INFO]: Loading properties
[21:53:41] [Server thread/INFO]: Default game type: SURVIVAL
[21:53:41] [Server thread/INFO]: Generating keypair
[21:53:41] [Server thread/INFO]: Starting Minecraft server on *:54544
[21:54:09] [Server thread/INFO]: Preparing level "world"
[21:54:11] [Server thread/INFO]: Preparing start region for level 0
[21:54:12] [Server thread/INFO]: Preparing spawn area: 73%
[21:54:12] [Server thread/INFO]: Done (3.198s)! For help, type "help" or "?"
[21:54:27] [Server thread/INFO]: com.mojang.authlib.GameProfile@698880e[id=<null>,name=Budder_GolemRS,properties={},legacy=false] (/99.183.186.212:50655) lost connection: Disconnected
[21:55:33] [User Authenticator #1/INFO]: UUID of player Pickle_nut99 is 70751313-8145-4377-9aff-00713fecfa50
[21:55:35] [Server thread/INFO]: Pickle_nut99[/104.14.93.170:54321] logged in with entity id 825 at (43.860202369328924, 101.99728388172352, 5.211834331758336)
[21:55:35] [Server thread/INFO]: Pickle_nut99 joined the game
[21:57:52] [Server thread/WARN]: Can't keep up! Did the system time change, or is the server overloaded? Running 2562ms behind, skipping 51 tick(s)
[21:58:09] [Server thread/WARN]: Can't keep up! Did the system time change, or is the server overloaded? Running 3161ms behind, skipping 63 tick(s)
[21:58:22] [User Authenticator #2/INFO]: UUID of player Budder_GolemRS is 41c63e34-97bd-4d30-9e74-1d0533c43c26
[21:58:34] [Server thread/INFO]: Budder_GolemRS[/99.183.186.212:50729] logged in with entity id 20931 at (57.5, 87.0, -10.5)
[21:58:34] [Server thread/INFO]: Budder_GolemRS joined the game
[21:58:37] [Server thread/WARN]: Can't keep up! Did the system time change, or is the server overloaded? Running 8757ms behind, skipping 175 tick(s)
[21:59:24] [Server thread/WARN]: Can't keep up! Did the system time change, or is the server overloaded? Running 8897ms behind, skipping 177 tick(s)
[22:00:34] [Server thread/WARN]: Can't keep up! Did the system time change, or is the server overloaded? Running 44383ms behind, skipping 887 tick(s)
[22:00:46] [Server thread/INFO]: Pickle_nut99 lost connection: TextComponent{text='Disconnected', siblings=[], style=Style{hasParent=false, color=null, bold=null, italic=null, underlined=null, obfuscated=null, clickEvent=null, hoverEvent=null}}
[22:00:46] [Server thread/INFO]: Pickle_nut99 left the game
[22:00:53] [User Authenticator #3/INFO]: UUID of player Pickle_nut99 is 70751313-8145-4377-9aff-00713fecfa50
[22:00:56] [Server thread/INFO]: Pickle_nut99[/104.14.93.170:54326] logged in with entity id 46883 at (-297.6824664172458, 70.0, -597.8711430449416)
[22:00:56] [Server thread/INFO]: Pickle_nut99 joined the game
[22:02:23] [Server thread/WARN]: Can't keep up! Did the system time change, or is the server overloaded? Running 3738ms behind, skipping 74 tick(s)
[22:02:26] [Server thread/INFO]: [Budder_GolemRS: Teleported Budder_GolemRS to Pickle_nut99]
[22:02:40] [Server thread/WARN]: Can't keep up! Did the system time change, or is the server overloaded? Running 2200ms behind, skipping 44 tick(s)
[22:02:54] [User Authenticator #4/INFO]: UUID of player Austin_Mathuw is 17c67727-1a71-44e0-93c4-5b300ca0aff7
[22:02:56] [Server thread/INFO]: Austin_Mathuw[/104.14.92.229:64693] logged in with entity id 55119 at (-199.14587890936994, 63.0, -264.1881323205291)
[22:02:56] [Server thread/INFO]: Austin_Mathuw joined the game
[22:04:33] [Server thread/WARN]: Can't keep up! Did the system time change, or is the server overloaded? Running 2323ms behind, skipping 46 tick(s)
[22:04:39] [Server thread/INFO]: /say <message ...>
[22:04:59] [Server thread/INFO]: [Server] knock knock...
[22:05:37] [Server thread/INFO]: [Austin_Mathuw: Teleported Austin_Mathuw to Austin_Mathuw]
[22:05:42] [Server thread/INFO]: [Austin_Mathuw: Teleported Austin_Mathuw to Budder_GolemRS]
[22:05:42] [Server thread/INFO]: Austin_Mathuw suffocated in a wall
[22:05:48] [Server thread/INFO]: [Austin_Mathuw: Teleported Austin_Mathuw to Budder_GolemRS]
[22:07:53] [Server thread/INFO]: Budder_GolemRS lost connection: TextComponent{text='Disconnected', siblings=[], style=Style{hasParent=false, color=null, bold=null, italic=null, underlined=null, obfuscated=null, clickEvent=null, hoverEvent=null}}
[22:07:53] [Server thread/INFO]: Budder_GolemRS left the game
[22:08:09] [User Authenticator #5/INFO]: UUID of player Budder_GolemRS is 41c63e34-97bd-4d30-9e74-1d0533c43c26
[22:08:11] [Server thread/INFO]: Budder_GolemRS[/99.183.186.212:50749] logged in with entity id 74410 at (-108.53680486256988, 96.28779456400036, 149.9677650184772)
[22:08:11] [Server thread/INFO]: Budder_GolemRS joined the game
[22:08:22] [Server thread/INFO]: [Austin_Mathuw: Teleported Austin_Mathuw to Budder_GolemRS]
[22:08:54] [Server thread/INFO]: Pickle_nut99 was killed by Wither Witch using magic
[22:09:00] [Server thread/WARN]: Pickle_nut99 moved wrongly!
[22:09:12] [Server thread/INFO]: Pickle_nut99 lost connection: TranslatableComponent{key='disconnect.genericReason', args=[Internal Exception: java.io.IOException: An established connection was aborted by the software in your host machine], siblings=[], style=Style{hasParent=false, color=null, bold=null, italic=null, underlined=null, obfuscated=null, clickEvent=null, hoverEvent=null}}
[22:09:12] [Server thread/INFO]: Pickle_nut99 left the game
[22:09:17] [User Authenticator #6/INFO]: UUID of player Pickle_nut99 is 70751313-8145-4377-9aff-00713fecfa50
[22:09:19] [Server thread/INFO]: Pickle_nut99[/104.14.93.170:54337] logged in with entity id 79418 at (59.23290179420241, 93.91880904163303, -11.586431796466375)
[22:09:19] [Server thread/INFO]: Pickle_nut99 joined the game
[22:10:02] [Server thread/INFO]: Budder_GolemRS lost connection: TextComponent{text='Disconnected', siblings=[], style=Style{hasParent=false, color=null, bold=null, italic=null, underlined=null, obfuscated=null, clickEvent=null, hoverEvent=null}}
[22:10:02] [Server thread/INFO]: Budder_GolemRS left the game
[22:10:44] [User Authenticator #7/INFO]: UUID of player Budder_GolemRS is 41c63e34-97bd-4d30-9e74-1d0533c43c26
[22:10:46] [Server thread/INFO]: Budder_GolemRS[/99.183.186.212:50770] logged in with entity id 83798 at (-92.25912154243305, 76.37648823199764, 170.44876019872498)
[22:10:46] [Server thread/INFO]: Budder_GolemRS joined the game
[22:11:26] [Server thread/INFO]: Austin_Mathuw withered away
[22:11:44] [Server thread/INFO]: [Austin_Mathuw: Set game difficulty to Peaceful]
[22:11:51] [Server thread/INFO]: [Austin_Mathuw: Teleported Austin_Mathuw to Budder_GolemRS]
[22:12:39] [Server thread/INFO]: Budder_GolemRS lost connection: TextComponent{text='Disconnected', siblings=[], style=Style{hasParent=false, color=null, bold=null, italic=null, underlined=null, obfuscated=null, clickEvent=null, hoverEvent=null}}
[22:12:39] [Server thread/INFO]: Budder_GolemRS left the game
[22:12:45] [User Authenticator #8/INFO]: UUID of player Budder_GolemRS is 41c63e34-97bd-4d30-9e74-1d0533c43c26
[22:12:46] [Server thread/INFO]: Budder_GolemRS[/99.183.186.212:50782] logged in with entity id 115990 at (-115.87535598660752, 64.0, 113.87800843759982)
[22:12:46] [Server thread/INFO]: Budder_GolemRS joined the game
[22:13:29] [Server thread/INFO]: Pickle_nut99 has just earned the achievement [Getting Wood]
[22:14:12] [Server thread/INFO]: [Austin_Mathuw: De-opped Pickle_nut99]
[22:14:19] [Server thread/INFO]: [Austin_Mathuw: De-opped Budder_GolemRS]
[22:16:27] [Server thread/INFO]: Austin_Mathuw was slain by Pickle_nut99 using [§fObsidian Battle Sign]
[22:16:39] [Server thread/INFO]: [Austin_Mathuw: Teleported Austin_Mathuw to Budder_GolemRS]
[22:18:14] [Server thread/INFO]: Budder_GolemRS has just earned the achievement [Getting Wood]
[22:18:57] [Server thread/INFO]: Austin_Mathuw lost connection: TextComponent{text='Disconnected', siblings=[], style=Style{hasParent=false, color=null, bold=null, italic=null, underlined=null, obfuscated=null, clickEvent=null, hoverEvent=null}}
[22:18:57] [Server thread/INFO]: Austin_Mathuw left the game
[22:19:11] [Server thread/INFO]: [Server] knock knock...
[22:19:30] [Server thread/INFO]: <Budder_GolemRS> godammit emerson
[22:19:32] [Server thread/INFO]: <Pickle_nut99> whos there
[22:19:41] [Server thread/INFO]: [Server] server shutdown && stop
[22:19:46] [Server thread/INFO]: <Pickle_nut99> whos there
[22:19:48] [Server thread/INFO]: <Pickle_nut99> whos there
[22:19:49] [Server thread/INFO]: <Pickle_nut99> whos there
[22:19:49] [Server thread/INFO]: <Pickle_nut99> whos there
[22:19:50] [Server thread/INFO]: <Pickle_nut99> whos there
[22:19:51] [Server thread/INFO]: <Pickle_nut99> whos there
[22:19:51] [Server thread/INFO]: <Pickle_nut99> whos there
[22:19:52] [Server thread/INFO]: <Pickle_nut99> whos there
[22:19:54] [Server thread/INFO]: <Budder_GolemRS> no
[22:19:59] [Server thread/INFO]: <Budder_GolemRS> stahp
[22:19:59] [Server thread/INFO]: <Pickle_nut99> yes
[22:20:02] [Server thread/INFO]: <Pickle_nut99> never
[22:20:03] [Server thread/INFO]: <Pickle_nut99> go
[22:20:06] [Server thread/INFO]: Stopping the server
[22:20:06] [Server thread/INFO]: Stopping server
[22:20:06] [Server thread/INFO]: Saving players
[22:20:06] [Server thread/INFO]: Saving worlds
[22:20:06] [Server thread/INFO]: Saving chunks for level 'world'/Overworld
[22:20:06] [Server thread/INFO]: Saving chunks for level 'world'/Nether
[22:20:06] [Server thread/INFO]: Saving chunks for level 'world'/FZHammer
[22:20:06] [Server thread/INFO]: Saving chunks for level 'world'/The Last Millenium
